<?xml version="1.0" encoding="UTF-8"?>
<!-- Generated by org.testng.reporters.JUnitReportReporter -->
<testsuite hostname="NX00441" failures="0" tests="1" name="MainTests.getBaseImages" time="32.761" errors="0" timestamp="5 Oct 2020 14:48:47 GMT">
  <testcase classname="MainTests.getBaseImages" name="getBaseImagesTest" time="32.761"/>
</testsuite> <!-- MainTests.getBaseImages -->
