<?xml version="1.0" encoding="UTF-8"?>
<!-- Generated by org.testng.reporters.JUnitReportReporter -->
<testsuite hostname="NX00441" failures="0" tests="1" name="MainTests.Research" time="7.260" errors="0" timestamp="1 Oct 2020 12:14:20 GMT">
  <testcase classname="MainTests.Research" name="f" time="7.260"/>
</testsuite> <!-- MainTests.Research -->
