<?xml version="1.0" encoding="UTF-8"?>
<!-- Generated by org.testng.reporters.JUnitReportReporter -->
<testsuite hostname="NX00441" failures="0" tests="1" name="MainTests.AutomatedSteps" time="54.788" errors="0" timestamp="29 Sep 2020 10:52:03 GMT">
  <testcase classname="MainTests.AutomatedSteps" name="contentVerificationAutomated" time="54.788"/>
</testsuite> <!-- MainTests.AutomatedSteps -->
